\BOOKMARK [1][-]{section.0.1}{\376\377\000P\000r\000o\000b\000l\000\351\000m\000a\000t\000i\000q\000u\000e}{}% 1
\BOOKMARK [1][-]{section.0.2}{\376\377\000V\000i\000s\000i\000o\000n\000\040\000L\000a\000n\000d\000G\000u\000a\000r\000d\000\040\000A\000I}{}% 2
\BOOKMARK [1][-]{section.0.3}{\376\377\000O\000b\000j\000e\000c\000t\000i\000f\000s\000\040\000p\000\351\000d\000a\000g\000o\000g\000i\000q\000u\000e\000s}{}% 3
\BOOKMARK [1][-]{section.0.4}{\376\377\000P\000i\000p\000e\000l\000i\000n\000e\000\040\000d\000e\000\040\000t\000r\000a\000i\000t\000e\000m\000e\000n\000t}{}% 4
\BOOKMARK [1][-]{section.0.5}{\376\377\000T\000a\000x\000o\000n\000o\000m\000i\000e\000\040\000d\000e\000s\000\040\000c\000o\000n\000c\000e\000p\000t\000s\000\040\000\050\000T\000B\000o\000x\000\051}{}% 5
\BOOKMARK [1][-]{section.0.6}{\376\377\000R\000\364\000l\000e\000s\000\040\000e\000t\000\040\000R\000e\000l\000a\000t\000i\000o\000n\000s\000\040\000\050\000R\000B\000o\000x\000\051}{}% 6
\BOOKMARK [1][-]{section.0.7}{\376\377\000A\000x\000i\000o\000m\000e\000s\000\040\000D\000L\000\040\000\050\000A\000X\000-\0000\0001\000\040\000\340\000\040\000A\000X\000-\0001\0000\000\051}{}% 7
\BOOKMARK [1][-]{section.0.8}{\376\377\000C\000o\000n\000t\000r\000a\000i\000n\000t\000e\000s\000\040\000d\000'\000I\000n\000t\000\351\000g\000r\000i\000t\000\351\000\040\000\050\000C\000I\000-\0001\000\040\000\340\000\040\000C\000I\000-\0008\000\051}{}% 8
\BOOKMARK [1][-]{section.0.9}{\376\377\000R\000\350\000g\000l\000e\000s\000\040\000l\000o\000g\000i\000q\000u\000e\000s\000\040\040\024\000\040\0001\0005\000\040\000r\000\350\000g\000l\000e\000s\000\040\000e\000n\000\040\0004\000\040\000c\000a\000t\000\351\000g\000o\000r\000i\000e\000s}{}% 9
\BOOKMARK [1][-]{section.0.10}{\376\377\000M\000o\000t\000e\000u\000r\000\040\000d\000'\000i\000n\000f\000\351\000r\000e\000n\000c\000e\000\040\000e\000t\000\040\000s\000c\000o\000r\000e\000s}{}% 10
\BOOKMARK [1][-]{section.0.11}{\376\377\000E\000x\000p\000l\000i\000c\000a\000b\000i\000l\000i\000t\000\351\000\040\000X\000A\000I}{}% 11
\BOOKMARK [1][-]{section.0.12}{\376\377\000R\000\350\000g\000l\000e\000s\000\040\000p\000r\000o\000b\000a\000b\000i\000l\000i\000s\000t\000e\000s\000\040\040\024\000\040\0002\0000\000\040\000r\000\350\000g\000l\000e\000s\000\040\000e\000n\000\040\0007\000\040\000g\000r\000o\000u\000p\000e\000s}{}% 12
\BOOKMARK [1][-]{section.0.13}{\376\377\000R\000\351\000s\000u\000l\000t\000a\000t\000s\000\040\000d\000'\000i\000n\000f\000\351\000r\000e\000n\000c\000e\000\040\000P\000r\000o\000b\000L\000o\000g\000\040\000\050\000v\000a\000l\000e\000u\000r\000s\000\040\000r\000\351\000e\000l\000l\000e\000s\000\051}{}% 13
\BOOKMARK [1][-]{section.0.14}{\376\377\000A\000r\000c\000h\000i\000t\000e\000c\000t\000u\000r\000e\000\040\000d\000u\000\040\000r\000\351\000s\000e\000a\000u\000\040\000n\000e\000u\000r\000o\000n\000a\000l}{}% 14
\BOOKMARK [1][-]{section.0.15}{\376\377\000F\000e\000a\000t\000u\000r\000e\000s\000\040\000d\000'\000e\000n\000t\000r\000\351\000e}{}% 15
\BOOKMARK [1][-]{section.0.16}{\376\377\000P\000r\000\351\000d\000i\000c\000a\000t\000\040\000n\000e\000u\000r\000o\000n\000a\000l\000\040\000D\000e\000e\000p\000P\000r\000o\000b\000L\000o\000g}{}% 16
\BOOKMARK [1][-]{section.0.17}{\376\377\000R\000\350\000g\000l\000e\000s\000\040\000h\000y\000b\000r\000i\000d\000e\000s\000\040\000n\000e\000u\000r\000o\000-\000s\000y\000m\000b\000o\000l\000i\000q\000u\000e\000s\000\040\000\050\000H\000Y\000-\0000\0001\000\040\000\340\000\040\000H\000Y\000-\0000\0008\000\051}{}% 17
\BOOKMARK [1][-]{section.0.18}{\376\377\000R\000\351\000s\000u\000l\000t\000a\000t\000s\000\040\000s\000u\000r\000\040\000l\000e\000s\000\040\000a\000c\000t\000e\000u\000r\000s\000\040\000d\000e\000\040\000t\000e\000s\000t}{}% 18
\BOOKMARK [1][-]{section.0.19}{\376\377\000P\000i\000p\000e\000l\000i\000n\000e\000\040\000d\000'\000o\000r\000c\000h\000e\000s\000t\000r\000a\000t\000i\000o\000n\000\040\000\050\000m\000a\000i\000n\000.\000p\000y\000\051}{}% 19
\BOOKMARK [2][-]{subsection.0.19.1}{\376\377\000M\000o\000d\000e\000\040\000D\000\351\000m\000o\000n\000s\000t\000r\000a\000t\000i\000o\000n\000\040\000I\000n\000t\000e\000r\000a\000c\000t\000i\000v\000e\000\040\000\050\040\023\000d\000e\000m\000o\000-\000i\000n\000t\000e\000r\000a\000c\000t\000i\000f\000\051}{section.0.19}% 20
\BOOKMARK [1][-]{section.0.20}{\376\377\000D\000a\000t\000a\000s\000e\000t\000\040\000s\000y\000n\000t\000h\000\351\000t\000i\000q\000u\000e\000\040\000\050\000d\000a\000t\000a\000s\000e\000t\000.\000c\000s\000v\000\051}{}% 21
\BOOKMARK [1][-]{section.0.21}{\376\377\000S\000u\000i\000t\000e\000\040\000d\000e\000\040\000t\000e\000s\000t\000s\000\040\000\050\0003\0002\000\040\000t\000e\000s\000t\000s\000\040\040\024\000\040\0003\0002\000/\0003\0002\000\040\000O\000K\000\051}{}% 22
\BOOKMARK [1][-]{section.0.22}{\376\377\000P\000e\000r\000f\000o\000r\000m\000a\000n\000c\000e\000\040\000d\000u\000\040\000p\000i\000p\000e\000l\000i\000n\000e\000\040\000s\000u\000r\000\040\0002\0000\0000\000\040\000d\000o\000s\000s\000i\000e\000r\000s}{}% 23
\BOOKMARK [1][-]{section.0.23}{\376\377\000A\000p\000p\000o\000r\000t\000\040\000d\000e\000\040\000l\000a\000\040\000c\000o\000u\000c\000h\000e\000\040\000n\000e\000u\000r\000o\000-\000s\000y\000m\000b\000o\000l\000i\000q\000u\000e}{}% 24
\BOOKMARK [1][-]{section.0.24}{\376\377\000C\000o\000m\000p\000a\000r\000a\000i\000s\000o\000n\000\040\000d\000e\000s\000\040\000a\000p\000p\000r\000o\000c\000h\000e\000s}{}% 25
\BOOKMARK [1][-]{section.0.25}{\376\377\000P\000a\000r\000t\000i\000e\000\040\0001\000\040\040\023\000\040\000B\000a\000s\000e\000\040\000d\000e\000\040\000c\000o\000n\000n\000a\000i\000s\000s\000a\000n\000c\000e\000s\000\040\000P\000r\000o\000l\000o\000g}{}% 26
\BOOKMARK [1][-]{section.0.26}{\376\377\000P\000a\000r\000t\000i\000e\000\040\0002\000\040\040\023\000\040\000M\000o\000t\000e\000u\000r\000\040\000d\000'\000i\000n\000f\000\351\000r\000e\000n\000c\000e\000\040\000e\000t\000\040\000e\000x\000p\000l\000i\000c\000a\000b\000i\000l\000i\000t\000\351}{}% 27
\BOOKMARK [1][-]{section.0.27}{\376\377\000P\000a\000r\000t\000i\000e\000\040\0003\000\040\040\023\000\040\000I\000n\000f\000\351\000r\000e\000n\000c\000e\000\040\000P\000r\000o\000b\000L\000o\000g}{}% 28
\BOOKMARK [1][-]{section.0.28}{\376\377\000P\000a\000r\000t\000i\000e\000\040\0004\000\040\040\023\000\040\000M\000o\000d\000\350\000l\000e\000\040\000n\000e\000u\000r\000o\000n\000a\000l\000\040\000e\000t\000\040\000i\000n\000t\000\351\000g\000r\000a\000t\000i\000o\000n\000\040\000D\000e\000e\000p\000P\000r\000o\000b\000L\000o\000g}{}% 29
\BOOKMARK [1][-]{section.0.29}{\376\377\000P\000a\000r\000t\000i\000e\000\040\0005\000\040\040\023\000\040\000P\000i\000p\000e\000l\000i\000n\000e\000\040\000p\000r\000i\000n\000c\000i\000p\000a\000l\000\040\000e\000t\000\040\000s\000u\000i\000t\000e\000\040\000d\000e\000\040\000t\000e\000s\000t\000s}{}% 30
\BOOKMARK [1][-]{section.0.30}{\376\377\000L\000i\000m\000i\000t\000e\000s\000\040\000a\000c\000t\000u\000e\000l\000l\000e\000s}{}% 31
\BOOKMARK [1][-]{section.0.31}{\376\377\000P\000e\000r\000s\000p\000e\000c\000t\000i\000v\000e\000s\000\040\000d\000'\000a\000m\000\351\000l\000i\000o\000r\000a\000t\000i\000o\000n}{}% 32
